2022-05-15 10:50:07 |     INFO:  * Running on http://127.0.0.1:5000 (Press CTRL+C to quit)
2022-05-15 10:50:27 |     INFO: 127.0.0.1 - - [15/May/2022 10:50:27] "[33mGET /data HTTP/1.1[0m" 404 -
2022-05-15 10:50:27 |     INFO: 127.0.0.1 - - [15/May/2022 10:50:27] "[33mGET /favicon.ico HTTP/1.1[0m" 404 -
2022-05-15 10:50:30 |     INFO: 127.0.0.1 - - [15/May/2022 10:50:30] "[33mGET / HTTP/1.1[0m" 404 -
2022-05-15 10:50:41 |     INFO: 127.0.0.1 - - [15/May/2022 10:50:41] "[33mGET /data HTTP/1.1[0m" 404 -
2022-05-15 10:50:46 |     INFO: 127.0.0.1 - - [15/May/2022 10:50:46] "[33mGET /data HTTP/1.1[0m" 404 -
2022-05-15 10:50:58 |     INFO: 127.0.0.1 - - [15/May/2022 10:50:58] "GET /status HTTP/1.1" 200 -
2022-05-15 10:51:11 |     INFO: 127.0.0.1 - - [15/May/2022 10:51:11] "GET /version HTTP/1.1" 200 -
2022-05-15 10:52:20 |     INFO: 127.0.0.1 - - [15/May/2022 10:52:20] "GET /status HTTP/1.1" 200 -
2022-05-15 10:52:20 |     INFO: 127.0.0.1 - - [15/May/2022 10:52:20] "GET /version HTTP/1.1" 200 -
2022-05-15 10:52:20 |     INFO: Running predict.py file.
2022-05-15 10:52:20 |     INFO: Dataset has been validated!
2022-05-15 10:52:20 |     INFO: Pipeline model-0.0.1.pkl loaded.
2022-05-15 10:52:20 |     INFO: Using model version: 0.0.1
2022-05-15 10:52:20 |     INFO: Input dataset:
      Age    Cabin  Pclass     Sex  Parch  SibSp  Survived
0    18.5        F       2    male      0      0         0
3    36.0      A29       1  female      0      0         1
5    63.0  C55 C57       1  female      0      1         1
8     1.0       G6       3  female      1      1         1
9    36.0       C6       1    male      0      0         0
..    ...      ...     ...     ...    ...    ...       ...
295  43.0      D40       1    male      0      1         0
296  20.0      D38       2    male      0      0         0
298  50.0      C80       1    male      1      1         0
302  37.0      C78       1  female      0      1         1
305  39.0     C105       1  female      0      0         1

[63 rows x 7 columns]

2022-05-15 10:52:20 |     INFO: Predictions:
{'predictions': [0, 1, 1, 1, 0, 1, 1, 0, 1, 1, 0, 0, 0, 1, 1, 0, 1, 1, 1, 1, 1, 0, 1, 1, 1, 1, 1, 0, 1, 0, 0, 1, 1, 1, 1, 0, 1, 1, 0, 0, 0, 1, 0, 0, 1, 1, 1, 1, 1, 1, 0, 1, 0, 0, 1, 1, 1, 1, 1, 0, 0, 1, 1]}
2022-05-15 10:52:20 |     INFO: Done!
2022-05-15 10:52:20 |     INFO: 127.0.0.1 - - [15/May/2022 10:52:20] "POST /predict HTTP/1.1" 200 -
2022-05-15 10:53:25 |     INFO: 127.0.0.1 - - [15/May/2022 10:53:25] "GET /status HTTP/1.1" 200 -
2022-05-15 10:53:25 |     INFO: 127.0.0.1 - - [15/May/2022 10:53:25] "GET /version HTTP/1.1" 200 -
2022-05-15 10:53:25 |     INFO: Running predict.py file.
2022-05-15 10:53:25 |     INFO: Dataset has been validated!
2022-05-15 10:53:25 |     INFO: Pipeline model-0.0.1.pkl loaded.
2022-05-15 10:53:25 |     INFO: Using model version: 0.0.1
2022-05-15 10:53:25 |     INFO: Input dataset:
      Age    Cabin  Pclass     Sex  Parch  SibSp  Survived
0    18.5        F       2    male      0      0         0
3    36.0      A29       1  female      0      0         1
5    63.0  C55 C57       1  female      0      1         1
8     1.0       G6       3  female      1      1         1
9    36.0       C6       1    male      0      0         0
..    ...      ...     ...     ...    ...    ...       ...
295  43.0      D40       1    male      0      1         0
296  20.0      D38       2    male      0      0         0
298  50.0      C80       1    male      1      1         0
302  37.0      C78       1  female      0      1         1
305  39.0     C105       1  female      0      0         1

[63 rows x 7 columns]

2022-05-15 10:53:25 |     INFO: Predictions:
{'predictions': [0, 1, 1, 1, 0, 1, 1, 0, 1, 1, 0, 0, 0, 1, 1, 0, 1, 1, 1, 1, 1, 0, 1, 1, 1, 1, 1, 0, 1, 0, 0, 1, 1, 1, 1, 0, 1, 1, 0, 0, 0, 1, 0, 0, 1, 1, 1, 1, 1, 1, 0, 1, 0, 0, 1, 1, 1, 1, 1, 0, 0, 1, 1]}
2022-05-15 10:53:25 |     INFO: Done!
2022-05-15 10:53:25 |     INFO: 127.0.0.1 - - [15/May/2022 10:53:25] "POST /predict HTTP/1.1" 200 -
2022-05-15 10:53:37 |     INFO: 127.0.0.1 - - [15/May/2022 10:53:37] "GET /status HTTP/1.1" 200 -
2022-05-15 10:53:37 |     INFO: 127.0.0.1 - - [15/May/2022 10:53:37] "GET /version HTTP/1.1" 200 -
2022-05-15 10:53:37 |     INFO: Running predict.py file.
2022-05-15 10:53:37 |     INFO: Dataset has been validated!
2022-05-15 10:53:37 |     INFO: Pipeline model-0.0.1.pkl loaded.
2022-05-15 10:53:37 |     INFO: Using model version: 0.0.1
2022-05-15 10:53:37 |     INFO: Input dataset:
      Age    Cabin  Pclass     Sex  Parch  SibSp  Survived
0    18.5        F       2    male      0      0         0
3    36.0      A29       1  female      0      0         1
5    63.0  C55 C57       1  female      0      1         1
8     1.0       G6       3  female      1      1         1
9    36.0       C6       1    male      0      0         0
..    ...      ...     ...     ...    ...    ...       ...
295  43.0      D40       1    male      0      1         0
296  20.0      D38       2    male      0      0         0
298  50.0      C80       1    male      1      1         0
302  37.0      C78       1  female      0      1         1
305  39.0     C105       1  female      0      0         1

[63 rows x 7 columns]

2022-05-15 10:53:37 |     INFO: Predictions:
{'predictions': [0, 1, 1, 1, 0, 1, 1, 0, 1, 1, 0, 0, 0, 1, 1, 0, 1, 1, 1, 1, 1, 0, 1, 1, 1, 1, 1, 0, 1, 0, 0, 1, 1, 1, 1, 0, 1, 1, 0, 0, 0, 1, 0, 0, 1, 1, 1, 1, 1, 1, 0, 1, 0, 0, 1, 1, 1, 1, 1, 0, 0, 1, 1]}
2022-05-15 10:53:37 |     INFO: Done!
2022-05-15 10:53:37 |     INFO: 127.0.0.1 - - [15/May/2022 10:53:37] "POST /predict HTTP/1.1" 200 -
